<?xml version="1.0" encoding="UTF-8"?>
<!-- Generated by org.testng.reporters.JUnitReportReporter -->
<testsuite skipped="0" hostname="DESKTOP-AP504LA" name="exceptionHandlings.ArthamaticException" tests="1" failures="0" timestamp="18 Jan 2022 21:12:51 GMT" time="0.010" errors="0">
  <testcase name="division" time="0.010" classname="exceptionHandlings.ArthamaticException"/>
</testsuite> <!-- exceptionHandlings.ArthamaticException -->
