<?xml version="1.0" encoding="UTF-8"?>
<!-- Generated by org.testng.reporters.JUnitReportReporter -->
<testsuite skipped="0" hostname="DESKTOP-AP504LA" name="AutomationProect.LaunchChromeDriver" tests="1" failures="0" timestamp="11 Jan 2022 21:17:30 GMT" time="15.154" errors="0">
  <testcase name="launchBrowser" time="15.154" classname="AutomationProect.LaunchChromeDriver"/>
</testsuite> <!-- AutomationProect.LaunchChromeDriver -->
