<?xml version="1.0" encoding="UTF-8"?>
<!-- Generated by org.testng.reporters.JUnitReportReporter -->
<testsuite skipped="0" hostname="DESKTOP-AP504LA" name="demo1" tests="1" failures="0" timestamp="07 Jan 2022 14:54:43 GMT" time="5.962" errors="0">
  <testcase name="launchmethod" time="5.962" classname="demo1"/>
</testsuite> <!-- demo1 -->
