<?xml version="1.0" encoding="UTF-8"?>
<!-- Generated by org.testng.reporters.JUnitReportReporter -->
<testsuite skipped="0" hostname="DESKTOP-AP504LA" name="AutomationProect.LaunchChromeDriver2" tests="1" failures="0" timestamp="07 Jan 2022 15:39:10 GMT" time="8.189" errors="0">
  <testcase name="launchBrowser" time="8.189" classname="AutomationProect.LaunchChromeDriver2"/>
</testsuite> <!-- AutomationProect.LaunchChromeDriver2 -->
