<?xml version="1.0" encoding="UTF-8"?>
<!-- Generated by org.testng.reporters.JUnitReportReporter -->
<testsuite skipped="0" hostname="DESKTOP-AP504LA" name="AutomationProect.demo11111" tests="1" failures="0" timestamp="11 Jan 2022 00:57:55 GMT" time="0.007" errors="0">
  <testcase name="test9" time="0.007" classname="AutomationProect.demo11111"/>
</testsuite> <!-- AutomationProect.demo11111 -->
