<?xml version="1.0" encoding="UTF-8"?>
<!-- Generated by org.testng.reporters.JUnitReportReporter -->
<testsuite skipped="0" hostname="DESKTOP-AP504LA" name="TestngAutomation.LaunchChromeDriver2" tests="1" failures="0" timestamp="19 Jan 2022 00:44:52 GMT" time="10.674" errors="0">
  <testcase name="launchBrowser" time="10.674" classname="TestngAutomation.LaunchChromeDriver2"/>
</testsuite> <!-- TestngAutomation.LaunchChromeDriver2 -->
