<?xml version="1.0" encoding="UTF-8"?>
<!-- Generated by org.testng.reporters.JUnitReportReporter -->
<testsuite skipped="0" hostname="DESKTOP-AP504LA" name="AutomationProect.LaunchChromeDriver5" tests="1" failures="0" timestamp="07 Jan 2022 15:39:10 GMT" time="9.202" errors="0">
  <testcase name="launchBrowser" time="9.202" classname="AutomationProect.LaunchChromeDriver5"/>
</testsuite> <!-- AutomationProect.LaunchChromeDriver5 -->
